<?xml version="1.0" encoding="utf-8"?><testsuites name="pytest tests"><testsuite name="pytest" errors="0" failures="0" skipped="0" tests="9" time="1.163" timestamp="2026-06-21T14:09:02.483843+00:00" hostname="agent-env-9d94e314-6be1-4919-bfcc-bd127b31a4ab"><testcase classname="backend.tests.test_landing_api.TestRoot" name="test_root_returns_service_info" time="0.243" /><testcase classname="backend.tests.test_landing_api.TestStats" name="test_stats_payload" time="0.048" /><testcase classname="backend.tests.test_landing_api.TestLeads" name="test_create_lead_valid" time="0.052" /><testcase classname="backend.tests.test_landing_api.TestLeads" name="test_create_lead_minimum_required" time="0.046" /><testcase classname="backend.tests.test_landing_api.TestLeads" name="test_create_lead_invalid_email" time="0.047" /><testcase classname="backend.tests.test_landing_api.TestLeads" name="test_create_lead_missing_fields" time="0.089" /><testcase classname="backend.tests.test_landing_api.TestLeads" name="test_list_leads_default" time="0.049" /><testcase classname="backend.tests.test_landing_api.TestLeads" name="test_list_leads_with_limit" time="0.052" /><testcase classname="backend.tests.test_landing_api.TestLeads" name="test_create_lead_persistence_via_get" time="0.095" /></testsuite></testsuites>